<?xml version="1.0" encoding="UTF-8"?>
<!-- Generated by org.testng.reporters.JUnitXMLReporter -->
<testsuite ignored="0" hostname="DESKTOP-P5BPJ6A" failures="4" tests="57" name="Regression" time="0.14" errors="0" timestamp="2022-09-28T21:22:55 MSK">
  <testcase classname="com.it_academy.janna.CalculatorTest" name="testAddition" time="0.0"/>
  <testcase classname="com.it_academy.janna.CalculatorTest" name="testAddition" time="0.0"/>
  <testcase classname="com.it_academy.janna.CalculatorTest" name="testAddition" time="0.0"/>
  <testcase classname="com.it_academy.janna.CalculatorTest" name="testAddition" time="0.0"/>
  <testcase classname="com.it_academy.janna.CalculatorTest" name="testAddition" time="0.0"/>
  <testcase classname="com.it_academy.janna.CalculatorTest" name="testAddition" time="0.0"/>
  <testcase classname="com.it_academy.janna.CalculatorTest" name="testAddition" time="0.0"/>
  <testcase classname="com.it_academy.janna.CalculatorTest" name="testBorder" time="0.0"/>
  <testcase classname="com.it_academy.janna.CalculatorTest" name="testBorder" time="0.0"/>
  <testcase classname="com.it_academy.janna.CalculatorTest" name="testBorder" time="0.0"/>
  <testcase classname="com.it_academy.janna.CalculatorTest" name="testBorder" time="0.0"/>
  <testcase classname="com.it_academy.janna.CalculatorTest" name="testBorder" time="0.0">
    <failure type="java.lang.AssertionError" message="Infinity expected [9.99999999E8] but found [Infinity]">
      <![CDATA[java.lang.AssertionError: Infinity expected [9.99999999E8] but found [Infinity]
at com.it_academy.janna.CalculatorTest.testBorder(CalculatorTest.java:131)
at java.base/java.util.ArrayList.forEach(ArrayList.java:1511)
at com.it_academy.janna.RunTest.main(RunTest.java:17)
... Removed 25 stack frames]]>
    </failure>
  </testcase> <!-- testBorder -->
  <testcase classname="com.it_academy.janna.CalculatorTest" name="testBorder" time="0.0"/>
  <testcase classname="com.it_academy.janna.CalculatorTest" name="testBorder" time="0.0"/>
  <testcase classname="com.it_academy.janna.CalculatorTest" name="testBorder" time="0.0"/>
  <testcase classname="com.it_academy.janna.CalculatorTest" name="testBorder" time="0.0"/>
  <testcase classname="com.it_academy.janna.CalculatorTest" name="testBorder" time="0.0"/>
  <testcase classname="com.it_academy.janna.CalculatorTest" name="testBorder" time="0.0"/>
  <testcase classname="com.it_academy.janna.CalculatorTest" name="testBorder" time="0.0"/>
  <testcase classname="com.it_academy.janna.CalculatorTest" name="testBorder" time="0.0"/>
  <testcase classname="com.it_academy.janna.CalculatorTest" name="testBorder" time="0.0"/>
  <testcase classname="com.it_academy.janna.CalculatorTest" name="testBorder" time="0.0">
    <failure type="java.lang.AssertionError" message="Infinity expected [9.99999999E8] but found [Infinity]">
      <![CDATA[java.lang.AssertionError: Infinity expected [9.99999999E8] but found [Infinity]
at com.it_academy.janna.CalculatorTest.testBorder(CalculatorTest.java:131)
at java.base/java.util.ArrayList.forEach(ArrayList.java:1511)
at com.it_academy.janna.RunTest.main(RunTest.java:17)
... Removed 25 stack frames]]>
    </failure>
  </testcase> <!-- testBorder -->
  <testcase classname="com.it_academy.janna.CalculatorTest" name="testBorder" time="0.0"/>
  <testcase classname="com.it_academy.janna.CalculatorTest" name="testBorder" time="0.0"/>
  <testcase classname="com.it_academy.janna.CalculatorTest" name="testBorder" time="0.0"/>
  <testcase classname="com.it_academy.janna.CalculatorTest" name="testBorder" time="0.0"/>
  <testcase classname="com.it_academy.janna.CalculatorTest" name="testBorder" time="0.0"/>
  <testcase classname="com.it_academy.janna.CalculatorTest" name="testBorder" time="0.0"/>
  <testcase classname="com.it_academy.janna.CalculatorTest" name="testBorder" time="0.0">
    <failure type="java.lang.AssertionError" message="Infinity expected [9.99999999E8] but found [Infinity]">
      <![CDATA[java.lang.AssertionError: Infinity expected [9.99999999E8] but found [Infinity]
at com.it_academy.janna.CalculatorTest.testBorder(CalculatorTest.java:131)
at java.base/java.util.ArrayList.forEach(ArrayList.java:1511)
at com.it_academy.janna.RunTest.main(RunTest.java:17)
... Removed 25 stack frames]]>
    </failure>
  </testcase> <!-- testBorder -->
  <testcase classname="com.it_academy.janna.CalculatorTest" name="testBorder" time="0.0"/>
  <testcase classname="com.it_academy.janna.CalculatorTest" name="testBorder" time="0.0"/>
  <testcase classname="com.it_academy.janna.CalculatorTest" name="testBorder" time="0.0">
    <failure type="java.lang.AssertionError" message="Infinity expected [9.99999999E8] but found [Infinity]">
      <![CDATA[java.lang.AssertionError: Infinity expected [9.99999999E8] but found [Infinity]
at com.it_academy.janna.CalculatorTest.testBorder(CalculatorTest.java:131)
at java.base/java.util.ArrayList.forEach(ArrayList.java:1511)
at com.it_academy.janna.RunTest.main(RunTest.java:17)
... Removed 25 stack frames]]>
    </failure>
  </testcase> <!-- testBorder -->
  <testcase classname="com.it_academy.janna.CalculatorTest" name="testDivision" time="0.0"/>
  <testcase classname="com.it_academy.janna.CalculatorTest" name="testDivision" time="0.0"/>
  <testcase classname="com.it_academy.janna.CalculatorTest" name="testDivision" time="0.0"/>
  <testcase classname="com.it_academy.janna.CalculatorTest" name="testDivision" time="0.0"/>
  <testcase classname="com.it_academy.janna.CalculatorTest" name="testDivision" time="0.0"/>
  <testcase classname="com.it_academy.janna.CalculatorTest" name="testDivision" time="0.0"/>
  <testcase classname="com.it_academy.janna.CalculatorTest" name="testDivision" time="0.0"/>
  <testcase classname="com.it_academy.janna.CalculatorTest" name="testExceptionDivisionByZero" time="0.0"/>
  <testcase classname="com.it_academy.janna.CalculatorTest" name="testExceptionDivisionByZero" time="0.0"/>
  <testcase classname="com.it_academy.janna.CalculatorTest" name="testMultiplication" time="0.0"/>
  <testcase classname="com.it_academy.janna.CalculatorTest" name="testMultiplication" time="0.0"/>
  <testcase classname="com.it_academy.janna.CalculatorTest" name="testMultiplication" time="0.0"/>
  <testcase classname="com.it_academy.janna.CalculatorTest" name="testMultiplication" time="0.0"/>
  <testcase classname="com.it_academy.janna.CalculatorTest" name="testMultiplication" time="0.0"/>
  <testcase classname="com.it_academy.janna.CalculatorTest" name="testMultiplication" time="0.0"/>
  <testcase classname="com.it_academy.janna.CalculatorTest" name="testMultiplication" time="0.0"/>
  <testcase classname="com.it_academy.janna.CalculatorTest" name="testMultiplication" time="0.0"/>
  <testcase classname="com.it_academy.janna.CalculatorTest" name="testSubtraction" time="0.0"/>
  <testcase classname="com.it_academy.janna.CalculatorTest" name="testSubtraction" time="0.0"/>
  <testcase classname="com.it_academy.janna.CalculatorTest" name="testSubtraction" time="0.0"/>
  <testcase classname="com.it_academy.janna.CalculatorTest" name="testSubtraction" time="0.0"/>
  <testcase classname="com.it_academy.janna.CalculatorTest" name="testSubtraction" time="0.0"/>
  <testcase classname="com.it_academy.janna.CalculatorTest" name="testSubtraction" time="0.0"/>
  <testcase classname="com.it_academy.janna.CalculatorTest" name="testSubtraction" time="0.0"/>
  <testcase classname="com.it_academy.janna.CalculatorTest" name="testSubtraction" time="0.0"/>
</testsuite> <!-- Regression -->
