<html>
<head>
<title>TestNG:  Regression</title>
<link href="../testng.css" rel="stylesheet" type="text/css" />
<link href="../my-testng.css" rel="stylesheet" type="text/css" />

<style type="text/css">
.log { display: none;} 
.stack-trace { display: none;} 
</style>
<script type="text/javascript">
<!--
function flip(e) {
  current = e.style.display;
  if (current == 'block') {
    e.style.display = 'none';
    return 0;
  }
  else {
    e.style.display = 'block';
    return 1;
  }
}

function toggleBox(szDivId, elem, msg1, msg2)
{
  var res = -1;  if (document.getElementById) {
    res = flip(document.getElementById(szDivId));
  }
  else if (document.all) {
    // this is the way old msie versions work
    res = flip(document.all[szDivId]);
  }
  if(elem) {
    if(res == 0) elem.innerHTML = msg1; else elem.innerHTML = msg2;
  }

}

function toggleAllBoxes() {
  if (document.getElementsByTagName) {
    d = document.getElementsByTagName('div');
    for (i = 0; i < d.length; i++) {
      if (d[i].className == 'log') {
        flip(d[i]);
      }
    }
  }
}

// -->
</script>

</head>
<body>
<h2 align='center'>Regression</h2><table border='1' align="center">
<tr>
<td>Tests passed/Failed/Skipped:</td><td>53/4/0</td>
</tr><tr>
<td>Started on:</td><td>Wed Sep 28 21:22:55 MSK 2022</td>
</tr>
<tr><td>Total time:</td><td>0 seconds (140 ms)</td>
</tr><tr>
<td>Included groups:</td><td>Regression </td>
</tr><tr>
<td>Excluded groups:</td><td></td>
</tr>
</table><p/>
<small><i>(Hover the method name to see the test class name)</i></small><p/>
<table width='100%' border='1' class='invocation-failed'>
<tr><td colspan='4' align='center'><b>FAILED TESTS</b></td></tr>
<tr><td><b>Test method</b></td>
<td><b>Attribute(s)</b></td>
<td width="30%"><b>Exception</b></td>
<td width="10%"><b>Time (seconds)</b></td>
<td><b>Instance</b></td>
</tr>
<tr>
<td title='com.it_academy.janna.CalculatorTest.testBorder()'><b>testBorder</b><br>Test class: com.it_academy.janna.CalculatorTest<br>Parameters: 1.7976931348623157E308, 1.7976931348623157E308, +, 999999999</td>
<td><div><pre>java.lang.AssertionError: Infinity expected [9.99999999E8] but found [Infinity]
	at com.it_academy.janna.CalculatorTest.testBorder(CalculatorTest.java:131)
	at java.base/java.util.ArrayList.forEach(ArrayList.java:1511)
	at com.it_academy.janna.RunTest.main(RunTest.java:17)
... Removed 25 stack frames</pre></div><a href='#' onClick='toggleBox("stack-trace2130772866", this, "Click to show all stack frames", "Click to hide stack frames")'>Click to show all stack frames</a>
<div class='stack-trace' id='stack-trace2130772866'><pre>java.lang.AssertionError: Infinity expected [9.99999999E8] but found [Infinity]
	at org.testng.Assert.fail(Assert.java:110)
	at org.testng.Assert.failNotEquals(Assert.java:1413)
	at org.testng.Assert.assertEquals(Assert.java:727)
	at com.it_academy.janna.CalculatorTest.testBorder(CalculatorTest.java:131)
	at java.base/jdk.internal.reflect.DirectMethodHandleAccessor.invoke(DirectMethodHandleAccessor.java:104)
	at java.base/java.lang.reflect.Method.invoke(Method.java:578)
	at org.testng.internal.invokers.MethodInvocationHelper.invokeMethod(MethodInvocationHelper.java:139)
	at org.testng.internal.invokers.TestInvoker.invokeMethod(TestInvoker.java:677)
	at org.testng.internal.invokers.TestInvoker.invokeTestMethod(TestInvoker.java:221)
	at org.testng.internal.invokers.MethodRunner.runInSequence(MethodRunner.java:50)
	at org.testng.internal.invokers.TestInvoker$MethodInvocationAgent.invoke(TestInvoker.java:962)
	at org.testng.internal.invokers.TestInvoker.invokeTestMethods(TestInvoker.java:194)
	at org.testng.internal.invokers.TestMethodWorker.invokeTestMethods(TestMethodWorker.java:148)
	at org.testng.internal.invokers.TestMethodWorker.run(TestMethodWorker.java:128)
	at java.base/java.util.ArrayList.forEach(ArrayList.java:1511)
	at org.testng.TestRunner.privateRun(TestRunner.java:806)
	at org.testng.TestRunner.run(TestRunner.java:601)
	at org.testng.SuiteRunner.runTest(SuiteRunner.java:433)
	at org.testng.SuiteRunner.runSequentially(SuiteRunner.java:427)
	at org.testng.SuiteRunner.privateRun(SuiteRunner.java:387)
	at org.testng.SuiteRunner.run(SuiteRunner.java:330)
	at org.testng.SuiteRunnerWorker.runSuite(SuiteRunnerWorker.java:52)
	at org.testng.SuiteRunnerWorker.run(SuiteRunnerWorker.java:95)
	at org.testng.TestNG.runSuitesSequentially(TestNG.java:1256)
	at org.testng.TestNG.runSuitesLocally(TestNG.java:1176)
	at org.testng.TestNG.runSuites(TestNG.java:1099)
	at org.testng.TestNG.run(TestNG.java:1067)
	at com.it_academy.janna.RunTest.main(RunTest.java:17)
</pre></div></td>
<td>0</td>
<td>com.it_academy.janna.CalculatorTest@76b10754</td></tr>
<tr>
<td title='com.it_academy.janna.CalculatorTest.testBorder()'><b>testBorder</b><br>Test class: com.it_academy.janna.CalculatorTest<br>Parameters: 2147483647, 1.7976931348623157E308, *, 999999999</td>
<td><div><pre>java.lang.AssertionError: Infinity expected [9.99999999E8] but found [Infinity]
	at com.it_academy.janna.CalculatorTest.testBorder(CalculatorTest.java:131)
	at java.base/java.util.ArrayList.forEach(ArrayList.java:1511)
	at com.it_academy.janna.RunTest.main(RunTest.java:17)
... Removed 25 stack frames</pre></div><a href='#' onClick='toggleBox("stack-trace550668305", this, "Click to show all stack frames", "Click to hide stack frames")'>Click to show all stack frames</a>
<div class='stack-trace' id='stack-trace550668305'><pre>java.lang.AssertionError: Infinity expected [9.99999999E8] but found [Infinity]
	at org.testng.Assert.fail(Assert.java:110)
	at org.testng.Assert.failNotEquals(Assert.java:1413)
	at org.testng.Assert.assertEquals(Assert.java:727)
	at com.it_academy.janna.CalculatorTest.testBorder(CalculatorTest.java:131)
	at java.base/jdk.internal.reflect.DirectMethodHandleAccessor.invoke(DirectMethodHandleAccessor.java:104)
	at java.base/java.lang.reflect.Method.invoke(Method.java:578)
	at org.testng.internal.invokers.MethodInvocationHelper.invokeMethod(MethodInvocationHelper.java:139)
	at org.testng.internal.invokers.TestInvoker.invokeMethod(TestInvoker.java:677)
	at org.testng.internal.invokers.TestInvoker.invokeTestMethod(TestInvoker.java:221)
	at org.testng.internal.invokers.MethodRunner.runInSequence(MethodRunner.java:50)
	at org.testng.internal.invokers.TestInvoker$MethodInvocationAgent.invoke(TestInvoker.java:962)
	at org.testng.internal.invokers.TestInvoker.invokeTestMethods(TestInvoker.java:194)
	at org.testng.internal.invokers.TestMethodWorker.invokeTestMethods(TestMethodWorker.java:148)
	at org.testng.internal.invokers.TestMethodWorker.run(TestMethodWorker.java:128)
	at java.base/java.util.ArrayList.forEach(ArrayList.java:1511)
	at org.testng.TestRunner.privateRun(TestRunner.java:806)
	at org.testng.TestRunner.run(TestRunner.java:601)
	at org.testng.SuiteRunner.runTest(SuiteRunner.java:433)
	at org.testng.SuiteRunner.runSequentially(SuiteRunner.java:427)
	at org.testng.SuiteRunner.privateRun(SuiteRunner.java:387)
	at org.testng.SuiteRunner.run(SuiteRunner.java:330)
	at org.testng.SuiteRunnerWorker.runSuite(SuiteRunnerWorker.java:52)
	at org.testng.SuiteRunnerWorker.run(SuiteRunnerWorker.java:95)
	at org.testng.TestNG.runSuitesSequentially(TestNG.java:1256)
	at org.testng.TestNG.runSuitesLocally(TestNG.java:1176)
	at org.testng.TestNG.runSuites(TestNG.java:1099)
	at org.testng.TestNG.run(TestNG.java:1067)
	at com.it_academy.janna.RunTest.main(RunTest.java:17)
</pre></div></td>
<td>0</td>
<td>com.it_academy.janna.CalculatorTest@76b10754</td></tr>
<tr>
<td title='com.it_academy.janna.CalculatorTest.testBorder()'><b>testBorder</b><br>Test class: com.it_academy.janna.CalculatorTest<br>Parameters: 1.7976931348623157E308, 2147483647, *, 999999999</td>
<td><div><pre>java.lang.AssertionError: Infinity expected [9.99999999E8] but found [Infinity]
	at com.it_academy.janna.CalculatorTest.testBorder(CalculatorTest.java:131)
	at java.base/java.util.ArrayList.forEach(ArrayList.java:1511)
	at com.it_academy.janna.RunTest.main(RunTest.java:17)
... Removed 25 stack frames</pre></div><a href='#' onClick='toggleBox("stack-trace1219161283", this, "Click to show all stack frames", "Click to hide stack frames")'>Click to show all stack frames</a>
<div class='stack-trace' id='stack-trace1219161283'><pre>java.lang.AssertionError: Infinity expected [9.99999999E8] but found [Infinity]
	at org.testng.Assert.fail(Assert.java:110)
	at org.testng.Assert.failNotEquals(Assert.java:1413)
	at org.testng.Assert.assertEquals(Assert.java:727)
	at com.it_academy.janna.CalculatorTest.testBorder(CalculatorTest.java:131)
	at java.base/jdk.internal.reflect.DirectMethodHandleAccessor.invoke(DirectMethodHandleAccessor.java:104)
	at java.base/java.lang.reflect.Method.invoke(Method.java:578)
	at org.testng.internal.invokers.MethodInvocationHelper.invokeMethod(MethodInvocationHelper.java:139)
	at org.testng.internal.invokers.TestInvoker.invokeMethod(TestInvoker.java:677)
	at org.testng.internal.invokers.TestInvoker.invokeTestMethod(TestInvoker.java:221)
	at org.testng.internal.invokers.MethodRunner.runInSequence(MethodRunner.java:50)
	at org.testng.internal.invokers.TestInvoker$MethodInvocationAgent.invoke(TestInvoker.java:962)
	at org.testng.internal.invokers.TestInvoker.invokeTestMethods(TestInvoker.java:194)
	at org.testng.internal.invokers.TestMethodWorker.invokeTestMethods(TestMethodWorker.java:148)
	at org.testng.internal.invokers.TestMethodWorker.run(TestMethodWorker.java:128)
	at java.base/java.util.ArrayList.forEach(ArrayList.java:1511)
	at org.testng.TestRunner.privateRun(TestRunner.java:806)
	at org.testng.TestRunner.run(TestRunner.java:601)
	at org.testng.SuiteRunner.runTest(SuiteRunner.java:433)
	at org.testng.SuiteRunner.runSequentially(SuiteRunner.java:427)
	at org.testng.SuiteRunner.privateRun(SuiteRunner.java:387)
	at org.testng.SuiteRunner.run(SuiteRunner.java:330)
	at org.testng.SuiteRunnerWorker.runSuite(SuiteRunnerWorker.java:52)
	at org.testng.SuiteRunnerWorker.run(SuiteRunnerWorker.java:95)
	at org.testng.TestNG.runSuitesSequentially(TestNG.java:1256)
	at org.testng.TestNG.runSuitesLocally(TestNG.java:1176)
	at org.testng.TestNG.runSuites(TestNG.java:1099)
	at org.testng.TestNG.run(TestNG.java:1067)
	at com.it_academy.janna.RunTest.main(RunTest.java:17)
</pre></div></td>
<td>0</td>
<td>com.it_academy.janna.CalculatorTest@76b10754</td></tr>
<tr>
<td title='com.it_academy.janna.CalculatorTest.testBorder()'><b>testBorder</b><br>Test class: com.it_academy.janna.CalculatorTest<br>Parameters: 2147483647, 4.9E-324, /, 999999999</td>
<td><div><pre>java.lang.AssertionError: Infinity expected [9.99999999E8] but found [Infinity]
	at com.it_academy.janna.CalculatorTest.testBorder(CalculatorTest.java:131)
	at java.base/java.util.ArrayList.forEach(ArrayList.java:1511)
	at com.it_academy.janna.RunTest.main(RunTest.java:17)
... Removed 25 stack frames</pre></div><a href='#' onClick='toggleBox("stack-trace1556995360", this, "Click to show all stack frames", "Click to hide stack frames")'>Click to show all stack frames</a>
<div class='stack-trace' id='stack-trace1556995360'><pre>java.lang.AssertionError: Infinity expected [9.99999999E8] but found [Infinity]
	at org.testng.Assert.fail(Assert.java:110)
	at org.testng.Assert.failNotEquals(Assert.java:1413)
	at org.testng.Assert.assertEquals(Assert.java:727)
	at com.it_academy.janna.CalculatorTest.testBorder(CalculatorTest.java:131)
	at java.base/jdk.internal.reflect.DirectMethodHandleAccessor.invoke(DirectMethodHandleAccessor.java:104)
	at java.base/java.lang.reflect.Method.invoke(Method.java:578)
	at org.testng.internal.invokers.MethodInvocationHelper.invokeMethod(MethodInvocationHelper.java:139)
	at org.testng.internal.invokers.TestInvoker.invokeMethod(TestInvoker.java:677)
	at org.testng.internal.invokers.TestInvoker.invokeTestMethod(TestInvoker.java:221)
	at org.testng.internal.invokers.MethodRunner.runInSequence(MethodRunner.java:50)
	at org.testng.internal.invokers.TestInvoker$MethodInvocationAgent.invoke(TestInvoker.java:962)
	at org.testng.internal.invokers.TestInvoker.invokeTestMethods(TestInvoker.java:194)
	at org.testng.internal.invokers.TestMethodWorker.invokeTestMethods(TestMethodWorker.java:148)
	at org.testng.internal.invokers.TestMethodWorker.run(TestMethodWorker.java:128)
	at java.base/java.util.ArrayList.forEach(ArrayList.java:1511)
	at org.testng.TestRunner.privateRun(TestRunner.java:806)
	at org.testng.TestRunner.run(TestRunner.java:601)
	at org.testng.SuiteRunner.runTest(SuiteRunner.java:433)
	at org.testng.SuiteRunner.runSequentially(SuiteRunner.java:427)
	at org.testng.SuiteRunner.privateRun(SuiteRunner.java:387)
	at org.testng.SuiteRunner.run(SuiteRunner.java:330)
	at org.testng.SuiteRunnerWorker.runSuite(SuiteRunnerWorker.java:52)
	at org.testng.SuiteRunnerWorker.run(SuiteRunnerWorker.java:95)
	at org.testng.TestNG.runSuitesSequentially(TestNG.java:1256)
	at org.testng.TestNG.runSuitesLocally(TestNG.java:1176)
	at org.testng.TestNG.runSuites(TestNG.java:1099)
	at org.testng.TestNG.run(TestNG.java:1067)
	at com.it_academy.janna.RunTest.main(RunTest.java:17)
</pre></div></td>
<td>0</td>
<td>com.it_academy.janna.CalculatorTest@76b10754</td></tr>
</table><p>
<table width='100%' border='1' class='invocation-passed'>
<tr><td colspan='4' align='center'><b>PASSED TESTS</b></td></tr>
<tr><td><b>Test method</b></td>
<td><b>Attribute(s)</b></td>
<td width="30%"><b>Exception</b></td>
<td width="10%"><b>Time (seconds)</b></td>
<td><b>Instance</b></td>
</tr>
<tr>
<td title='com.it_academy.janna.CalculatorTest.testMultiplication()'><b>testMultiplication</b><br>Test class: com.it_academy.janna.CalculatorTest<br>Parameters: -25, 15, -375.0</td>
<td></td>
<td>0</td>
<td>com.it_academy.janna.CalculatorTest@76b10754</td></tr>
<tr>
<td title='com.it_academy.janna.CalculatorTest.testDivision()'><b>testDivision</b><br>Test class: com.it_academy.janna.CalculatorTest<br>Parameters: -2, 2, -1.0</td>
<td></td>
<td>0</td>
<td>com.it_academy.janna.CalculatorTest@76b10754</td></tr>
<tr>
<td title='com.it_academy.janna.CalculatorTest.testBorder()'><b>testBorder</b><br>Test class: com.it_academy.janna.CalculatorTest<br>Parameters: 2147483647, 2147483647, +, 4.294967294E9</td>
<td></td>
<td>0</td>
<td>com.it_academy.janna.CalculatorTest@76b10754</td></tr>
<tr>
<td title='com.it_academy.janna.CalculatorTest.testExceptionDivisionByZero()'><b>testExceptionDivisionByZero</b><br>Test class: com.it_academy.janna.CalculatorTest<br>Parameters: 0, 0, /, Division by 0 can't be done</td>
<td><div><pre>java.lang.ArithmeticException: Division by 0 can&apos;t be done
	at com.it_academy.janna.Calculator.division(Calculator.java:19)
	at com.it_academy.janna.Calculator.calculate(Calculator.java:38)
	at com.it_academy.janna.CalculatorTest.testExceptionDivisionByZero(CalculatorTest.java:90)
	at java.base/java.util.ArrayList.forEach(ArrayList.java:1511)
	at com.it_academy.janna.RunTest.main(RunTest.java:17)
... Removed 22 stack frames</pre></div><a href='#' onClick='toggleBox("stack-trace2136288211", this, "Click to show all stack frames", "Click to hide stack frames")'>Click to show all stack frames</a>
<div class='stack-trace' id='stack-trace2136288211'><pre>java.lang.ArithmeticException: Division by 0 can&apos;t be done
	at com.it_academy.janna.Calculator.division(Calculator.java:19)
	at com.it_academy.janna.Calculator.calculate(Calculator.java:38)
	at com.it_academy.janna.CalculatorTest.testExceptionDivisionByZero(CalculatorTest.java:90)
	at java.base/jdk.internal.reflect.DirectMethodHandleAccessor.invoke(DirectMethodHandleAccessor.java:104)
	at java.base/java.lang.reflect.Method.invoke(Method.java:578)
	at org.testng.internal.invokers.MethodInvocationHelper.invokeMethod(MethodInvocationHelper.java:139)
	at org.testng.internal.invokers.TestInvoker.invokeMethod(TestInvoker.java:677)
	at org.testng.internal.invokers.TestInvoker.invokeTestMethod(TestInvoker.java:221)
	at org.testng.internal.invokers.MethodRunner.runInSequence(MethodRunner.java:50)
	at org.testng.internal.invokers.TestInvoker$MethodInvocationAgent.invoke(TestInvoker.java:962)
	at org.testng.internal.invokers.TestInvoker.invokeTestMethods(TestInvoker.java:194)
	at org.testng.internal.invokers.TestMethodWorker.invokeTestMethods(TestMethodWorker.java:148)
	at org.testng.internal.invokers.TestMethodWorker.run(TestMethodWorker.java:128)
	at java.base/java.util.ArrayList.forEach(ArrayList.java:1511)
	at org.testng.TestRunner.privateRun(TestRunner.java:806)
	at org.testng.TestRunner.run(TestRunner.java:601)
	at org.testng.SuiteRunner.runTest(SuiteRunner.java:433)
	at org.testng.SuiteRunner.runSequentially(SuiteRunner.java:427)
	at org.testng.SuiteRunner.privateRun(SuiteRunner.java:387)
	at org.testng.SuiteRunner.run(SuiteRunner.java:330)
	at org.testng.SuiteRunnerWorker.runSuite(SuiteRunnerWorker.java:52)
	at org.testng.SuiteRunnerWorker.run(SuiteRunnerWorker.java:95)
	at org.testng.TestNG.runSuitesSequentially(TestNG.java:1256)
	at org.testng.TestNG.runSuitesLocally(TestNG.java:1176)
	at org.testng.TestNG.runSuites(TestNG.java:1099)
	at org.testng.TestNG.run(TestNG.java:1067)
	at com.it_academy.janna.RunTest.main(RunTest.java:17)
</pre></div></td>
<td>0</td>
<td>com.it_academy.janna.CalculatorTest@76b10754</td></tr>
<tr>
<td title='com.it_academy.janna.CalculatorTest.testMultiplication()'><b>testMultiplication</b><br>Test class: com.it_academy.janna.CalculatorTest<br>Parameters: -856, -625, 535000.0</td>
<td></td>
<td>0</td>
<td>com.it_academy.janna.CalculatorTest@76b10754</td></tr>
<tr>
<td title='com.it_academy.janna.CalculatorTest.testBorder()'><b>testBorder</b><br>Test class: com.it_academy.janna.CalculatorTest<br>Parameters: 2147483647, 1, *, 2.147483647E9</td>
<td></td>
<td>0</td>
<td>com.it_academy.janna.CalculatorTest@76b10754</td></tr>
<tr>
<td title='com.it_academy.janna.CalculatorTest.testBorder()'><b>testBorder</b><br>Test class: com.it_academy.janna.CalculatorTest<br>Parameters: 4.9E-324, 4.9E-324, -, 0.0</td>
<td></td>
<td>0</td>
<td>com.it_academy.janna.CalculatorTest@76b10754</td></tr>
<tr>
<td title='com.it_academy.janna.CalculatorTest.testSubtraction()'><b>testSubtraction</b><br>Test class: com.it_academy.janna.CalculatorTest<br>Parameters: -2.2, 2, -4.2</td>
<td></td>
<td>0</td>
<td>com.it_academy.janna.CalculatorTest@76b10754</td></tr>
<tr>
<td title='com.it_academy.janna.CalculatorTest.testBorder()'><b>testBorder</b><br>Test class: com.it_academy.janna.CalculatorTest<br>Parameters: 2147483647, 1, +, 2.147483648E9</td>
<td></td>
<td>0</td>
<td>com.it_academy.janna.CalculatorTest@76b10754</td></tr>
<tr>
<td title='com.it_academy.janna.CalculatorTest.testDivision()'><b>testDivision</b><br>Test class: com.it_academy.janna.CalculatorTest<br>Parameters: -25, 15, -1.6666666666666667</td>
<td></td>
<td>0</td>
<td>com.it_academy.janna.CalculatorTest@76b10754</td></tr>
<tr>
<td title='com.it_academy.janna.CalculatorTest.testAddition()'><b>testAddition</b><br>Test class: com.it_academy.janna.CalculatorTest<br>Parameters: 86, 63, 149</td>
<td></td>
<td>0</td>
<td>com.it_academy.janna.CalculatorTest@76b10754</td></tr>
<tr>
<td title='com.it_academy.janna.CalculatorTest.testSubtraction()'><b>testSubtraction</b><br>Test class: com.it_academy.janna.CalculatorTest<br>Parameters: 0, 0, 0</td>
<td></td>
<td>0</td>
<td>com.it_academy.janna.CalculatorTest@76b10754</td></tr>
<tr>
<td title='com.it_academy.janna.CalculatorTest.testAddition()'><b>testAddition</b><br>Test class: com.it_academy.janna.CalculatorTest<br>Parameters: 61.08, 1269, 1330.08</td>
<td></td>
<td>0</td>
<td>com.it_academy.janna.CalculatorTest@76b10754</td></tr>
<tr>
<td title='com.it_academy.janna.CalculatorTest.testDivision()'><b>testDivision</b><br>Test class: com.it_academy.janna.CalculatorTest<br>Parameters: 61.08, 1269, 0.04813238770685579</td>
<td></td>
<td>0</td>
<td>com.it_academy.janna.CalculatorTest@76b10754</td></tr>
<tr>
<td title='com.it_academy.janna.CalculatorTest.testBorder()'><b>testBorder</b><br>Test class: com.it_academy.janna.CalculatorTest<br>Parameters: 2147483647, 2147483647, *, 4.6116860141324206E18</td>
<td></td>
<td>0</td>
<td>com.it_academy.janna.CalculatorTest@76b10754</td></tr>
<tr>
<td title='com.it_academy.janna.CalculatorTest.testBorder()'><b>testBorder</b><br>Test class: com.it_academy.janna.CalculatorTest<br>Parameters: 4.9E-324, 1, -, -1.0</td>
<td></td>
<td>0</td>
<td>com.it_academy.janna.CalculatorTest@76b10754</td></tr>
<tr>
<td title='com.it_academy.janna.CalculatorTest.testAddition()'><b>testAddition</b><br>Test class: com.it_academy.janna.CalculatorTest<br>Parameters: -25, 15, -10.0</td>
<td></td>
<td>0</td>
<td>com.it_academy.janna.CalculatorTest@76b10754</td></tr>
<tr>
<td title='com.it_academy.janna.CalculatorTest.testBorder()'><b>testBorder</b><br>Test class: com.it_academy.janna.CalculatorTest<br>Parameters: 1.7976931348623157E308, 1.7976931348623157E308, /, 1.0</td>
<td></td>
<td>0</td>
<td>com.it_academy.janna.CalculatorTest@76b10754</td></tr>
<tr>
<td title='com.it_academy.janna.CalculatorTest.testDivision()'><b>testDivision</b><br>Test class: com.it_academy.janna.CalculatorTest<br>Parameters: 3000, 7000, 0.42857142857142855</td>
<td></td>
<td>0</td>
<td>com.it_academy.janna.CalculatorTest@76b10754</td></tr>
<tr>
<td title='com.it_academy.janna.CalculatorTest.testMultiplication()'><b>testMultiplication</b><br>Test class: com.it_academy.janna.CalculatorTest<br>Parameters: 61.08, 1269, 77510.52</td>
<td></td>
<td>0</td>
<td>com.it_academy.janna.CalculatorTest@76b10754</td></tr>
<tr>
<td title='com.it_academy.janna.CalculatorTest.testDivision()'><b>testDivision</b><br>Test class: com.it_academy.janna.CalculatorTest<br>Parameters: -856, -625, 1.3696</td>
<td></td>
<td>0</td>
<td>com.it_academy.janna.CalculatorTest@76b10754</td></tr>
<tr>
<td title='com.it_academy.janna.CalculatorTest.testMultiplication()'><b>testMultiplication</b><br>Test class: com.it_academy.janna.CalculatorTest<br>Parameters: -2.9, 2, -5.8</td>
<td></td>
<td>0</td>
<td>com.it_academy.janna.CalculatorTest@76b10754</td></tr>
<tr>
<td title='com.it_academy.janna.CalculatorTest.testBorder()'><b>testBorder</b><br>Test class: com.it_academy.janna.CalculatorTest<br>Parameters: 1.7976931348623157E308, 2147483647, -, 1.7976931348623157E308</td>
<td></td>
<td>0</td>
<td>com.it_academy.janna.CalculatorTest@76b10754</td></tr>
<tr>
<td title='com.it_academy.janna.CalculatorTest.testMultiplication()'><b>testMultiplication</b><br>Test class: com.it_academy.janna.CalculatorTest<br>Parameters: -8.65, -6.25, 54.0625</td>
<td></td>
<td>0</td>
<td>com.it_academy.janna.CalculatorTest@76b10754</td></tr>
<tr>
<td title='com.it_academy.janna.CalculatorTest.testAddition()'><b>testAddition</b><br>Test class: com.it_academy.janna.CalculatorTest<br>Parameters: -8.65, -6.25, -14.9</td>
<td></td>
<td>0</td>
<td>com.it_academy.janna.CalculatorTest@76b10754</td></tr>
<tr>
<td title='com.it_academy.janna.CalculatorTest.testDivision()'><b>testDivision</b><br>Test class: com.it_academy.janna.CalculatorTest<br>Parameters: -8.65, -6.25, 1.3840000000000001</td>
<td></td>
<td>0</td>
<td>com.it_academy.janna.CalculatorTest@76b10754</td></tr>
<tr>
<td title='com.it_academy.janna.CalculatorTest.testBorder()'><b>testBorder</b><br>Test class: com.it_academy.janna.CalculatorTest<br>Parameters: 2147483647, 1, /, 2.147483647E9</td>
<td></td>
<td>0</td>
<td>com.it_academy.janna.CalculatorTest@76b10754</td></tr>
<tr>
<td title='com.it_academy.janna.CalculatorTest.testMultiplication()'><b>testMultiplication</b><br>Test class: com.it_academy.janna.CalculatorTest<br>Parameters: 86, 63, 5418.0</td>
<td></td>
<td>0</td>
<td>com.it_academy.janna.CalculatorTest@76b10754</td></tr>
<tr>
<td title='com.it_academy.janna.CalculatorTest.testBorder()'><b>testBorder</b><br>Test class: com.it_academy.janna.CalculatorTest<br>Parameters: 2147483647, 2147483647, -, 0</td>
<td></td>
<td>0</td>
<td>com.it_academy.janna.CalculatorTest@76b10754</td></tr>
<tr>
<td title='com.it_academy.janna.CalculatorTest.testBorder()'><b>testBorder</b><br>Test class: com.it_academy.janna.CalculatorTest<br>Parameters: 1.7976931348623157E308, 2147483647, /, 8.371160997540839E298</td>
<td></td>
<td>0</td>
<td>com.it_academy.janna.CalculatorTest@76b10754</td></tr>
<tr>
<td title='com.it_academy.janna.CalculatorTest.testDivision()'><b>testDivision</b><br>Test class: com.it_academy.janna.CalculatorTest<br>Parameters: 86, 63, 1.3650793650793651</td>
<td></td>
<td>0</td>
<td>com.it_academy.janna.CalculatorTest@76b10754</td></tr>
<tr>
<td title='com.it_academy.janna.CalculatorTest.testAddition()'><b>testAddition</b><br>Test class: com.it_academy.janna.CalculatorTest<br>Parameters: 0, 0, 0</td>
<td></td>
<td>0</td>
<td>com.it_academy.janna.CalculatorTest@76b10754</td></tr>
<tr>
<td title='com.it_academy.janna.CalculatorTest.testMultiplication()'><b>testMultiplication</b><br>Test class: com.it_academy.janna.CalculatorTest<br>Parameters: 0, 0, 0</td>
<td></td>
<td>0</td>
<td>com.it_academy.janna.CalculatorTest@76b10754</td></tr>
<tr>
<td title='com.it_academy.janna.CalculatorTest.testBorder()'><b>testBorder</b><br>Test class: com.it_academy.janna.CalculatorTest<br>Parameters: -2147483648, -2147483648, *, 4.611686018427388E18</td>
<td></td>
<td>0</td>
<td>com.it_academy.janna.CalculatorTest@76b10754</td></tr>
<tr>
<td title='com.it_academy.janna.CalculatorTest.testSubtraction()'><b>testSubtraction</b><br>Test class: com.it_academy.janna.CalculatorTest<br>Parameters: -8.65, -6.25, -2.4000000000000004</td>
<td></td>
<td>0</td>
<td>com.it_academy.janna.CalculatorTest@76b10754</td></tr>
<tr>
<td title='com.it_academy.janna.CalculatorTest.testBorder()'><b>testBorder</b><br>Test class: com.it_academy.janna.CalculatorTest<br>Parameters: 2147483647, 1.7976931348623157E308, -, -1.7976931348623157E308</td>
<td></td>
<td>0</td>
<td>com.it_academy.janna.CalculatorTest@76b10754</td></tr>
<tr>
<td title='com.it_academy.janna.CalculatorTest.testAddition()'><b>testAddition</b><br>Test class: com.it_academy.janna.CalculatorTest<br>Parameters: -2.3, 2, -0.2999999999999998</td>
<td></td>
<td>0</td>
<td>com.it_academy.janna.CalculatorTest@76b10754</td></tr>
<tr>
<td title='com.it_academy.janna.CalculatorTest.testSubtraction()'><b>testSubtraction</b><br>Test class: com.it_academy.janna.CalculatorTest<br>Parameters: 61.08, 1269, -1207.92</td>
<td></td>
<td>0</td>
<td>com.it_academy.janna.CalculatorTest@76b10754</td></tr>
<tr>
<td title='com.it_academy.janna.CalculatorTest.testAddition()'><b>testAddition</b><br>Test class: com.it_academy.janna.CalculatorTest<br>Parameters: -856, -625, -1481.0</td>
<td></td>
<td>0</td>
<td>com.it_academy.janna.CalculatorTest@76b10754</td></tr>
<tr>
<td title='com.it_academy.janna.CalculatorTest.testBorder()'><b>testBorder</b><br>Test class: com.it_academy.janna.CalculatorTest<br>Parameters: 1.7976931348623157E308, 1, /, 1.7976931348623157E308</td>
<td></td>
<td>0</td>
<td>com.it_academy.janna.CalculatorTest@76b10754</td></tr>
<tr>
<td title='com.it_academy.janna.CalculatorTest.testBorder()'><b>testBorder</b><br>Test class: com.it_academy.janna.CalculatorTest<br>Parameters: 4.9E-324, 1, *, 4.9E-324</td>
<td></td>
<td>0</td>
<td>com.it_academy.janna.CalculatorTest@76b10754</td></tr>
<tr>
<td title='com.it_academy.janna.CalculatorTest.testSubtraction()'><b>testSubtraction</b><br>Test class: com.it_academy.janna.CalculatorTest<br>Parameters: 3000, 7000, -4000.0</td>
<td></td>
<td>0</td>
<td>com.it_academy.janna.CalculatorTest@76b10754</td></tr>
<tr>
<td title='com.it_academy.janna.CalculatorTest.testBorder()'><b>testBorder</b><br>Test class: com.it_academy.janna.CalculatorTest<br>Parameters: 2147483647, 2147483647, /, 1.0</td>
<td></td>
<td>0</td>
<td>com.it_academy.janna.CalculatorTest@76b10754</td></tr>
<tr>
<td title='com.it_academy.janna.CalculatorTest.testExceptionDivisionByZero()'><b>testExceptionDivisionByZero</b><br>Test class: com.it_academy.janna.CalculatorTest<br>Parameters: -10, 0, /, Division by 0 can't be done</td>
<td><div><pre>java.lang.ArithmeticException: Division by 0 can&apos;t be done
	at com.it_academy.janna.Calculator.division(Calculator.java:19)
	at com.it_academy.janna.Calculator.calculate(Calculator.java:38)
	at com.it_academy.janna.CalculatorTest.testExceptionDivisionByZero(CalculatorTest.java:90)
	at java.base/java.util.ArrayList.forEach(ArrayList.java:1511)
	at com.it_academy.janna.RunTest.main(RunTest.java:17)
... Removed 22 stack frames</pre></div><a href='#' onClick='toggleBox("stack-trace1008925772", this, "Click to show all stack frames", "Click to hide stack frames")'>Click to show all stack frames</a>
<div class='stack-trace' id='stack-trace1008925772'><pre>java.lang.ArithmeticException: Division by 0 can&apos;t be done
	at com.it_academy.janna.Calculator.division(Calculator.java:19)
	at com.it_academy.janna.Calculator.calculate(Calculator.java:38)
	at com.it_academy.janna.CalculatorTest.testExceptionDivisionByZero(CalculatorTest.java:90)
	at java.base/jdk.internal.reflect.DirectMethodHandleAccessor.invoke(DirectMethodHandleAccessor.java:104)
	at java.base/java.lang.reflect.Method.invoke(Method.java:578)
	at org.testng.internal.invokers.MethodInvocationHelper.invokeMethod(MethodInvocationHelper.java:139)
	at org.testng.internal.invokers.TestInvoker.invokeMethod(TestInvoker.java:677)
	at org.testng.internal.invokers.TestInvoker.invokeTestMethod(TestInvoker.java:221)
	at org.testng.internal.invokers.MethodRunner.runInSequence(MethodRunner.java:50)
	at org.testng.internal.invokers.TestInvoker$MethodInvocationAgent.invoke(TestInvoker.java:962)
	at org.testng.internal.invokers.TestInvoker.invokeTestMethods(TestInvoker.java:194)
	at org.testng.internal.invokers.TestMethodWorker.invokeTestMethods(TestMethodWorker.java:148)
	at org.testng.internal.invokers.TestMethodWorker.run(TestMethodWorker.java:128)
	at java.base/java.util.ArrayList.forEach(ArrayList.java:1511)
	at org.testng.TestRunner.privateRun(TestRunner.java:806)
	at org.testng.TestRunner.run(TestRunner.java:601)
	at org.testng.SuiteRunner.runTest(SuiteRunner.java:433)
	at org.testng.SuiteRunner.runSequentially(SuiteRunner.java:427)
	at org.testng.SuiteRunner.privateRun(SuiteRunner.java:387)
	at org.testng.SuiteRunner.run(SuiteRunner.java:330)
	at org.testng.SuiteRunnerWorker.runSuite(SuiteRunnerWorker.java:52)
	at org.testng.SuiteRunnerWorker.run(SuiteRunnerWorker.java:95)
	at org.testng.TestNG.runSuitesSequentially(TestNG.java:1256)
	at org.testng.TestNG.runSuitesLocally(TestNG.java:1176)
	at org.testng.TestNG.runSuites(TestNG.java:1099)
	at org.testng.TestNG.run(TestNG.java:1067)
	at com.it_academy.janna.RunTest.main(RunTest.java:17)
</pre></div></td>
<td>0</td>
<td>com.it_academy.janna.CalculatorTest@76b10754</td></tr>
<tr>
<td title='com.it_academy.janna.CalculatorTest.testBorder()'><b>testBorder</b><br>Test class: com.it_academy.janna.CalculatorTest<br>Parameters: -2147483648, -2147483648, -, 0.0</td>
<td></td>
<td>0</td>
<td>com.it_academy.janna.CalculatorTest@76b10754</td></tr>
<tr>
<td title='com.it_academy.janna.CalculatorTest.testBorder()'><b>testBorder</b><br>Test class: com.it_academy.janna.CalculatorTest<br>Parameters: 4.9E-324, 4.9E-324, *, 0.0</td>
<td></td>
<td>0</td>
<td>com.it_academy.janna.CalculatorTest@76b10754</td></tr>
<tr>
<td title='com.it_academy.janna.CalculatorTest.testMultiplication()'><b>testMultiplication</b><br>Test class: com.it_academy.janna.CalculatorTest<br>Parameters: 3000, 7000, 21000000</td>
<td></td>
<td>0</td>
<td>com.it_academy.janna.CalculatorTest@76b10754</td></tr>
<tr>
<td title='com.it_academy.janna.CalculatorTest.testSubtraction()'><b>testSubtraction</b><br>Test class: com.it_academy.janna.CalculatorTest<br>Parameters: -25, 15, -40.0</td>
<td></td>
<td>0</td>
<td>com.it_academy.janna.CalculatorTest@76b10754</td></tr>
<tr>
<td title='com.it_academy.janna.CalculatorTest.testBorder()'><b>testBorder</b><br>Test class: com.it_academy.janna.CalculatorTest<br>Parameters: 1.7976931348623157E308, 1, +, 1.7976931348623157E308</td>
<td></td>
<td>0</td>
<td>com.it_academy.janna.CalculatorTest@76b10754</td></tr>
<tr>
<td title='com.it_academy.janna.CalculatorTest.testBorder()'><b>testBorder</b><br>Test class: com.it_academy.janna.CalculatorTest<br>Parameters: 2147483647, 1, -, 2.147483646E9</td>
<td></td>
<td>0</td>
<td>com.it_academy.janna.CalculatorTest@76b10754</td></tr>
<tr>
<td title='com.it_academy.janna.CalculatorTest.testSubtraction()'><b>testSubtraction</b><br>Test class: com.it_academy.janna.CalculatorTest<br>Parameters: 86, 63, 23.0</td>
<td></td>
<td>0</td>
<td>com.it_academy.janna.CalculatorTest@76b10754</td></tr>
<tr>
<td title='com.it_academy.janna.CalculatorTest.testSubtraction()'><b>testSubtraction</b><br>Test class: com.it_academy.janna.CalculatorTest<br>Parameters: -856, -625, -231.0</td>
<td></td>
<td>0</td>
<td>com.it_academy.janna.CalculatorTest@76b10754</td></tr>
<tr>
<td title='com.it_academy.janna.CalculatorTest.testBorder()'><b>testBorder</b><br>Test class: com.it_academy.janna.CalculatorTest<br>Parameters: 2147483647, 1.5, +, 2.1474836485E9</td>
<td></td>
<td>0</td>
<td>com.it_academy.janna.CalculatorTest@76b10754</td></tr>
</table><p>
</body>
</html>