<html>
<head>
<title>TestNG:  Regression</title>
<link href="../testng.css" rel="stylesheet" type="text/css" />
<link href="../my-testng.css" rel="stylesheet" type="text/css" />

<style type="text/css">
.log { display: none;} 
.stack-trace { display: none;} 
</style>
<script type="text/javascript">
<!--
function flip(e) {
  current = e.style.display;
  if (current == 'block') {
    e.style.display = 'none';
    return 0;
  }
  else {
    e.style.display = 'block';
    return 1;
  }
}

function toggleBox(szDivId, elem, msg1, msg2)
{
  var res = -1;  if (document.getElementById) {
    res = flip(document.getElementById(szDivId));
  }
  else if (document.all) {
    // this is the way old msie versions work
    res = flip(document.all[szDivId]);
  }
  if(elem) {
    if(res == 0) elem.innerHTML = msg1; else elem.innerHTML = msg2;
  }

}

function toggleAllBoxes() {
  if (document.getElementsByTagName) {
    d = document.getElementsByTagName('div');
    for (i = 0; i < d.length; i++) {
      if (d[i].className == 'log') {
        flip(d[i]);
      }
    }
  }
}

// -->
</script>

</head>
<body>
<h2 align='center'>Regression</h2><table border='1' align="center">
<tr>
<td>Tests passed/Failed/Skipped:</td><td>3/0/0</td>
</tr><tr>
<td>Started on:</td><td>Wed Sep 28 21:22:55 MSK 2022</td>
</tr>
<tr><td>Total time:</td><td>0 seconds (234 ms)</td>
</tr><tr>
<td>Included groups:</td><td>Regression </td>
</tr><tr>
<td>Excluded groups:</td><td></td>
</tr>
</table><p/>
<small><i>(Hover the method name to see the test class name)</i></small><p/>
<table width='100%' border='1' class='invocation-passed'>
<tr><td colspan='4' align='center'><b>PASSED TESTS</b></td></tr>
<tr><td><b>Test method</b></td>
<td><b>Attribute(s)</b></td>
<td width="30%"><b>Exception</b></td>
<td width="10%"><b>Time (seconds)</b></td>
<td><b>Instance</b></td>
</tr>
<tr>
<td title='com.it_academy.janna.CalculatorUserActionsTest.testGetUserInputNumberErrorMessage()'><b>testGetUserInputNumberErrorMessage</b><br>Test class: com.it_academy.janna.CalculatorUserActionsTest<br>Parameters: fv, 1.2, *, Error enter the number. Please, try again.</td>
<td><div><pre>java.lang.NumberFormatException: For input string: &quot;fv&quot;
	at java.base/jdk.internal.math.FloatingDecimal.readJavaFormatString(FloatingDecimal.java:2054)
	at java.base/jdk.internal.math.FloatingDecimal.parseDouble(FloatingDecimal.java:110)
	at java.base/java.lang.Double.parseDouble(Double.java:735)
	at com.it_academy.janna.CalculatorUserActionsTest.testGetUserInputNumberErrorMessage(CalculatorUserActionsTest.java:38)
	at java.base/java.util.ArrayList.forEach(ArrayList.java:1511)
	at com.it_academy.janna.RunTest.main(RunTest.java:17)
... Removed 22 stack frames</pre></div><a href='#' onClick='toggleBox("stack-trace112797691", this, "Click to show all stack frames", "Click to hide stack frames")'>Click to show all stack frames</a>
<div class='stack-trace' id='stack-trace112797691'><pre>java.lang.NumberFormatException: For input string: &quot;fv&quot;
	at java.base/jdk.internal.math.FloatingDecimal.readJavaFormatString(FloatingDecimal.java:2054)
	at java.base/jdk.internal.math.FloatingDecimal.parseDouble(FloatingDecimal.java:110)
	at java.base/java.lang.Double.parseDouble(Double.java:735)
	at com.it_academy.janna.CalculatorUserActionsTest.testGetUserInputNumberErrorMessage(CalculatorUserActionsTest.java:38)
	at java.base/jdk.internal.reflect.DirectMethodHandleAccessor.invoke(DirectMethodHandleAccessor.java:104)
	at java.base/java.lang.reflect.Method.invoke(Method.java:578)
	at org.testng.internal.invokers.MethodInvocationHelper.invokeMethod(MethodInvocationHelper.java:139)
	at org.testng.internal.invokers.TestInvoker.invokeMethod(TestInvoker.java:677)
	at org.testng.internal.invokers.TestInvoker.invokeTestMethod(TestInvoker.java:221)
	at org.testng.internal.invokers.MethodRunner.runInSequence(MethodRunner.java:50)
	at org.testng.internal.invokers.TestInvoker$MethodInvocationAgent.invoke(TestInvoker.java:962)
	at org.testng.internal.invokers.TestInvoker.invokeTestMethods(TestInvoker.java:194)
	at org.testng.internal.invokers.TestMethodWorker.invokeTestMethods(TestMethodWorker.java:148)
	at org.testng.internal.invokers.TestMethodWorker.run(TestMethodWorker.java:128)
	at java.base/java.util.ArrayList.forEach(ArrayList.java:1511)
	at org.testng.TestRunner.privateRun(TestRunner.java:806)
	at org.testng.TestRunner.run(TestRunner.java:601)
	at org.testng.SuiteRunner.runTest(SuiteRunner.java:433)
	at org.testng.SuiteRunner.runSequentially(SuiteRunner.java:427)
	at org.testng.SuiteRunner.privateRun(SuiteRunner.java:387)
	at org.testng.SuiteRunner.run(SuiteRunner.java:330)
	at org.testng.SuiteRunnerWorker.runSuite(SuiteRunnerWorker.java:52)
	at org.testng.SuiteRunnerWorker.run(SuiteRunnerWorker.java:95)
	at org.testng.TestNG.runSuitesSequentially(TestNG.java:1256)
	at org.testng.TestNG.runSuitesLocally(TestNG.java:1176)
	at org.testng.TestNG.runSuites(TestNG.java:1099)
	at org.testng.TestNG.run(TestNG.java:1067)
	at com.it_academy.janna.RunTest.main(RunTest.java:17)
</pre></div></td>
<td>0</td>
<td>com.it_academy.janna.CalculatorUserActionsTest@78a2da20</td></tr>
<tr>
<td title='com.it_academy.janna.CalculatorUserActionsTest.testGetOperandErrorMessage()'><b>testGetOperandErrorMessage</b><br>Test class: com.it_academy.janna.CalculatorUserActionsTest<br>Parameters: 12, 1.2, ), Error enter the operand. Please, try again.</td>
<td><div><pre>org.testng.internal.thread.ThreadTimeoutException: Method com.it_academy.janna.CalculatorUserActionsTest.testGetOperandErrorMessage() didn&apos;t finish within the time-out 100
	at java.base/java.io.FileInputStream.readBytes(Native Method)
	at java.base/java.io.FileInputStream.read(FileInputStream.java:293)
	at java.base/java.io.BufferedInputStream.read1(BufferedInputStream.java:308)
	at java.base/java.io.BufferedInputStream.implRead(BufferedInputStream.java:382)
	at java.base/java.io.BufferedInputStream.read(BufferedInputStream.java:361)
	at java.base/sun.nio.cs.StreamDecoder.readBytes(StreamDecoder.java:333)
	at java.base/sun.nio.cs.StreamDecoder.implRead(StreamDecoder.java:376)
	at java.base/sun.nio.cs.StreamDecoder.lockedRead(StreamDecoder.java:219)
	at java.base/sun.nio.cs.StreamDecoder.read(StreamDecoder.java:173)
	at java.base/java.io.Reader.read(Reader.java:212)
	at java.base/java.io.InputStreamReader.read(InputStreamReader.java:169)
	at java.base/java.util.Scanner.readInput(Scanner.java:886)
	at java.base/java.util.Scanner.hasNext(Scanner.java:1450)
	at com.it_academy.janna.CalculatorUserActions.getOperand(CalculatorUserActions.java:25)
	at com.it_academy.janna.Calculator.calculate(Calculator.java:42)
	at com.it_academy.janna.CalculatorUserActionsTest.testGetOperandErrorMessage(CalculatorUserActionsTest.java:24)
	at java.base/java.util.concurrent.FutureTask.run(FutureTask.java:317)
	at java.base/java.util.concurrent.ThreadPoolExecutor.runWorker(ThreadPoolExecutor.java:1144)
	at java.base/java.util.concurrent.ThreadPoolExecutor$Worker.run(ThreadPoolExecutor.java:642)
	at java.base/java.lang.Thread.run(Thread.java:1589)
... Removed 6 stack frames</pre></div><a href='#' onClick='toggleBox("stack-trace1002021887", this, "Click to show all stack frames", "Click to hide stack frames")'>Click to show all stack frames</a>
<div class='stack-trace' id='stack-trace1002021887'><pre>org.testng.internal.thread.ThreadTimeoutException: Method com.it_academy.janna.CalculatorUserActionsTest.testGetOperandErrorMessage() didn&apos;t finish within the time-out 100
	at java.base/java.io.FileInputStream.readBytes(Native Method)
	at java.base/java.io.FileInputStream.read(FileInputStream.java:293)
	at java.base/java.io.BufferedInputStream.read1(BufferedInputStream.java:308)
	at java.base/java.io.BufferedInputStream.implRead(BufferedInputStream.java:382)
	at java.base/java.io.BufferedInputStream.read(BufferedInputStream.java:361)
	at java.base/sun.nio.cs.StreamDecoder.readBytes(StreamDecoder.java:333)
	at java.base/sun.nio.cs.StreamDecoder.implRead(StreamDecoder.java:376)
	at java.base/sun.nio.cs.StreamDecoder.lockedRead(StreamDecoder.java:219)
	at java.base/sun.nio.cs.StreamDecoder.read(StreamDecoder.java:173)
	at java.base/java.io.Reader.read(Reader.java:212)
	at java.base/java.io.InputStreamReader.read(InputStreamReader.java:169)
	at java.base/java.util.Scanner.readInput(Scanner.java:886)
	at java.base/java.util.Scanner.hasNext(Scanner.java:1450)
	at com.it_academy.janna.CalculatorUserActions.getOperand(CalculatorUserActions.java:25)
	at com.it_academy.janna.Calculator.calculate(Calculator.java:42)
	at com.it_academy.janna.CalculatorUserActionsTest.testGetOperandErrorMessage(CalculatorUserActionsTest.java:24)
	at java.base/jdk.internal.reflect.DirectMethodHandleAccessor.invoke(DirectMethodHandleAccessor.java:104)
	at java.base/java.lang.reflect.Method.invoke(Method.java:578)
	at org.testng.internal.invokers.MethodInvocationHelper.invokeMethod(MethodInvocationHelper.java:139)
	at org.testng.internal.invokers.InvokeMethodRunnable.runOne(InvokeMethodRunnable.java:47)
	at org.testng.internal.invokers.InvokeMethodRunnable.call(InvokeMethodRunnable.java:76)
	at org.testng.internal.invokers.InvokeMethodRunnable.call(InvokeMethodRunnable.java:11)
	at java.base/java.util.concurrent.FutureTask.run(FutureTask.java:317)
	at java.base/java.util.concurrent.ThreadPoolExecutor.runWorker(ThreadPoolExecutor.java:1144)
	at java.base/java.util.concurrent.ThreadPoolExecutor$Worker.run(ThreadPoolExecutor.java:642)
	at java.base/java.lang.Thread.run(Thread.java:1589)
</pre></div></td>
<td>0</td>
<td>com.it_academy.janna.CalculatorUserActionsTest@78a2da20</td></tr>
<tr>
<td title='com.it_academy.janna.CalculatorUserActionsTest.testGetOperandErrorMessage()'><b>testGetOperandErrorMessage</b><br>Test class: com.it_academy.janna.CalculatorUserActionsTest<br>Parameters: 46, -45, =, Error enter the operand. Please, try again.</td>
<td><div><pre>org.testng.internal.thread.ThreadTimeoutException: Method com.it_academy.janna.CalculatorUserActionsTest.testGetOperandErrorMessage() didn&apos;t finish within the time-out 100
	at java.base/jdk.internal.misc.Unsafe.park(Native Method)
	at java.base/java.util.concurrent.locks.LockSupport.park(LockSupport.java:221)
	at java.base/java.util.concurrent.locks.AbstractQueuedSynchronizer.acquire(AbstractQueuedSynchronizer.java:715)
	at java.base/java.util.concurrent.locks.AbstractQueuedSynchronizer.acquire(AbstractQueuedSynchronizer.java:938)
	at java.base/java.util.concurrent.locks.ReentrantLock$Sync.lock(ReentrantLock.java:153)
	at java.base/java.util.concurrent.locks.ReentrantLock.lock(ReentrantLock.java:322)
	at java.base/jdk.internal.misc.InternalLock.lock(InternalLock.java:74)
	at java.base/java.io.BufferedInputStream.read(BufferedInputStream.java:359)
	at java.base/sun.nio.cs.StreamDecoder.readBytes(StreamDecoder.java:333)
	at java.base/sun.nio.cs.StreamDecoder.implRead(StreamDecoder.java:376)
	at java.base/sun.nio.cs.StreamDecoder.lockedRead(StreamDecoder.java:219)
	at java.base/sun.nio.cs.StreamDecoder.read(StreamDecoder.java:173)
	at java.base/java.io.Reader.read(Reader.java:212)
	at java.base/java.io.InputStreamReader.read(InputStreamReader.java:169)
	at java.base/java.util.Scanner.readInput(Scanner.java:886)
	at java.base/java.util.Scanner.hasNext(Scanner.java:1450)
	at com.it_academy.janna.CalculatorUserActions.getOperand(CalculatorUserActions.java:25)
	at com.it_academy.janna.Calculator.calculate(Calculator.java:42)
	at com.it_academy.janna.CalculatorUserActionsTest.testGetOperandErrorMessage(CalculatorUserActionsTest.java:24)
	at java.base/java.util.concurrent.FutureTask.run(FutureTask.java:317)
	at java.base/java.util.concurrent.ThreadPoolExecutor.runWorker(ThreadPoolExecutor.java:1144)
	at java.base/java.util.concurrent.ThreadPoolExecutor$Worker.run(ThreadPoolExecutor.java:642)
	at java.base/java.lang.Thread.run(Thread.java:1589)
... Removed 6 stack frames</pre></div><a href='#' onClick='toggleBox("stack-trace1766505436", this, "Click to show all stack frames", "Click to hide stack frames")'>Click to show all stack frames</a>
<div class='stack-trace' id='stack-trace1766505436'><pre>org.testng.internal.thread.ThreadTimeoutException: Method com.it_academy.janna.CalculatorUserActionsTest.testGetOperandErrorMessage() didn&apos;t finish within the time-out 100
	at java.base/jdk.internal.misc.Unsafe.park(Native Method)
	at java.base/java.util.concurrent.locks.LockSupport.park(LockSupport.java:221)
	at java.base/java.util.concurrent.locks.AbstractQueuedSynchronizer.acquire(AbstractQueuedSynchronizer.java:715)
	at java.base/java.util.concurrent.locks.AbstractQueuedSynchronizer.acquire(AbstractQueuedSynchronizer.java:938)
	at java.base/java.util.concurrent.locks.ReentrantLock$Sync.lock(ReentrantLock.java:153)
	at java.base/java.util.concurrent.locks.ReentrantLock.lock(ReentrantLock.java:322)
	at java.base/jdk.internal.misc.InternalLock.lock(InternalLock.java:74)
	at java.base/java.io.BufferedInputStream.read(BufferedInputStream.java:359)
	at java.base/sun.nio.cs.StreamDecoder.readBytes(StreamDecoder.java:333)
	at java.base/sun.nio.cs.StreamDecoder.implRead(StreamDecoder.java:376)
	at java.base/sun.nio.cs.StreamDecoder.lockedRead(StreamDecoder.java:219)
	at java.base/sun.nio.cs.StreamDecoder.read(StreamDecoder.java:173)
	at java.base/java.io.Reader.read(Reader.java:212)
	at java.base/java.io.InputStreamReader.read(InputStreamReader.java:169)
	at java.base/java.util.Scanner.readInput(Scanner.java:886)
	at java.base/java.util.Scanner.hasNext(Scanner.java:1450)
	at com.it_academy.janna.CalculatorUserActions.getOperand(CalculatorUserActions.java:25)
	at com.it_academy.janna.Calculator.calculate(Calculator.java:42)
	at com.it_academy.janna.CalculatorUserActionsTest.testGetOperandErrorMessage(CalculatorUserActionsTest.java:24)
	at java.base/jdk.internal.reflect.DirectMethodHandleAccessor.invoke(DirectMethodHandleAccessor.java:104)
	at java.base/java.lang.reflect.Method.invoke(Method.java:578)
	at org.testng.internal.invokers.MethodInvocationHelper.invokeMethod(MethodInvocationHelper.java:139)
	at org.testng.internal.invokers.InvokeMethodRunnable.runOne(InvokeMethodRunnable.java:47)
	at org.testng.internal.invokers.InvokeMethodRunnable.call(InvokeMethodRunnable.java:76)
	at org.testng.internal.invokers.InvokeMethodRunnable.call(InvokeMethodRunnable.java:11)
	at java.base/java.util.concurrent.FutureTask.run(FutureTask.java:317)
	at java.base/java.util.concurrent.ThreadPoolExecutor.runWorker(ThreadPoolExecutor.java:1144)
	at java.base/java.util.concurrent.ThreadPoolExecutor$Worker.run(ThreadPoolExecutor.java:642)
	at java.base/java.lang.Thread.run(Thread.java:1589)
</pre></div></td>
<td>0</td>
<td>com.it_academy.janna.CalculatorUserActionsTest@78a2da20</td></tr>
</table><p>
</body>
</html>